{
  "/Users/gary.sentosa/.examples/vuex/src/components/src/components/Customer.vue": {
    "path": "/Users/gary.sentosa/.examples/vuex/src/components/src/components/Customer.vue",
    "statementMap": {
      "0": {
        "start": {
          "line": 23,
          "column": 0
        },
        "end": {
          "line": 23,
          "column": null
        }
      },
      "1": {
        "start": {
          "line": 26,
          "column": 0
        },
        "end": {
          "line": 26,
          "column": null
        }
      }
    },
    "fnMap": {
      "0": {
        "name": "(anonymous_0)",
        "decl": {
          "start": {
            "line": 22,
            "column": 0
          },
          "end": {
            "line": 22,
            "column": null
          }
        },
        "loc": {
          "start": {
            "line": 22,
            "column": 0
          },
          "end": {
            "line": 24,
            "column": null
          }
        }
      },
      "1": {
        "name": "(anonymous_1)",
        "decl": {
          "start": {
            "line": 25,
            "column": 0
          },
          "end": {
            "line": 25,
            "column": null
          }
        },
        "loc": {
          "start": {
            "line": 25,
            "column": 0
          },
          "end": {
            "line": 27,
            "column": null
          }
        }
      }
    },
    "branchMap": {},
    "s": {
      "0": 0,
      "1": 0
    },
    "f": {
      "0": 0,
      "1": 0
    },
    "b": {}
  },
  "/Users/gary.sentosa/.examples/vuex/src/components/src/components/Title.vue": {
    "path": "/Users/gary.sentosa/.examples/vuex/src/components/src/components/Title.vue",
    "statementMap": {
      "0": {
        "start": {
          "line": 9,
          "column": 0
        },
        "end": {
          "line": 11,
          "column": null
        }
      }
    },
    "fnMap": {
      "0": {
        "name": "(anonymous_0)",
        "decl": {
          "start": {
            "line": 8,
            "column": 0
          },
          "end": {
            "line": 8,
            "column": null
          }
        },
        "loc": {
          "start": {
            "line": 8,
            "column": 0
          },
          "end": {
            "line": 12,
            "column": null
          }
        }
      }
    },
    "branchMap": {},
    "s": {
      "0": 0
    },
    "f": {
      "0": 0
    },
    "b": {}
  }
}